18:57:37.966689 execve("./8Q_ecc", ["./8Q_ecc"], 0x7ffcd43deeb8 /* 46 vars */) = 0 <0.000618>
18:57:37.968167 fork()                  = 49935 <0.000236>
18:57:37.968744 wait4(49935, [{WIFEXITED(s) && WEXITSTATUS(s) == 0}], __WALL, NULL) = 49935 <0.005128>
18:57:37.974344 --- SIGCHLD {si_signo=SIGCHLD, si_code=CLD_EXITED, si_pid=49935, si_uid=1000, si_status=0, si_utime=0, si_stime=0} ---
18:57:37.974986 mmap(NULL, 134217728, PROT_READ|PROT_WRITE, MAP_PRIVATE|MAP_ANONYMOUS, -1, 0) = 0x79de5a64d000 <0.000278>
18:57:38.062175 open("/dev/urandom", O_RDONLY) = 3 <0.000455>
18:57:38.063318 read(3, "\30\351\\U\314u\350\216\307WE\345\224Y&E", 16) = 16 <0.000306>
18:57:38.064167 close(3)                = 0 <0.000130>
18:57:38.064766 open("/tmp/kt_tmp_file", O_RDWR) = 3 <0.000285>
18:57:38.065507 lseek(3, 510208, SEEK_SET) = 510208 <0.000288>
18:57:38.066254 write(3, "\31u\314\341\364\nk\311\241\354(^\323\367\236q\211\227U\321\222k\257nDai\307\305/\246\332"..., 4123) = 4123 <0.000339>
18:57:38.067255 write(3, "\0000\0\0\0\0\0\0\20\0\0\0\0\0\0\0`\20\0\0\0\0\0\0b\4\0\0\0\0\0\0", 32) = 32 <0.000288>
18:57:38.067997 open("/dev/urandom", O_RDONLY) = 4 <0.000265>
18:57:38.068751 read(4, "\216\361\251\20\261\321\3645\34\327\277\351\363\200/\247K\261K\257\3F\31|%0c\34y\346\274X"..., 39) = 39 <0.000286>
18:57:38.069510 close(4)                = 0 <0.000285>
18:57:38.070257 write(3, "\0\1\1\0\2\5\6\5\1\5\4\5\t\2\2\7\7\17\22\17\3\4\2\4\f\26\22\0\5\24\2\30"..., 39) = 39 <0.000382>
18:57:38.071138 write(3, "\0E\307\0Y\0\350\0\351\345\0\0W&\0\0\216\0\0EU\0\0\314\224\0\0\30u\0\\\0"..., 39) = 39 <0.000336>
18:57:38.071952 write(3, "P\0\0\0\0\0\0\0\0\0\0\0\0\0\0\0\0\0\0\0\0\0\0\0\0\0\0\0\0\0\0\0"..., 180) = 180 <0.000286>
18:57:38.072706 close(3)                = 0 <0.000271>
18:57:38.073585 fork()                  = 49937 <0.000337>
18:57:38.074609 wait4(49937, [{WIFEXITED(s) && WEXITSTATUS(s) == 0}], __WALL, NULL) = 49937 <0.006361>
18:57:38.081699 --- SIGCHLD {si_signo=SIGCHLD, si_code=CLD_EXITED, si_pid=49937, si_uid=1000, si_status=0, si_utime=0, si_stime=0} ---
18:57:38.082090 mmap(0x800000000, 1576, PROT_WRITE, MAP_PRIVATE|MAP_ANONYMOUS, -1, 0) = 0x800000000 <0.000164>
18:57:38.082966 mprotect(0x800000000, 1576, PROT_READ) = 0 <0.000165>
18:57:38.083752 mmap(0x800001000, 1233, PROT_WRITE, MAP_PRIVATE|MAP_ANONYMOUS, -1, 0) = 0x800001000 <0.000130>
18:57:38.084701 mprotect(0x800001000, 1233, PROT_READ|PROT_EXEC) = 0 <0.000178>
18:57:38.085847 mmap(0x800002000, 308, PROT_WRITE, MAP_PRIVATE|MAP_ANONYMOUS, -1, 0) = 0x800002000 <0.000131>
18:57:38.086936 mprotect(0x800002000, 308, PROT_READ) = 0 <0.000101>
18:57:38.087958 mmap(0x800003000, 5376, PROT_WRITE, MAP_PRIVATE|MAP_ANONYMOUS, -1, 0) = 0x800003000 <0.000145>
18:57:38.089751 mprotect(0x800003000, 5376, PROT_READ|PROT_WRITE) = 0 <0.000164>
18:57:38.090729 open("/lib64/ld-linux-x86-64.so.2", O_RDONLY) = 3 <0.000136>
18:57:38.091848 read(3, "\177ELF\2\1\1\3\0\0\0\0\0\0\0\0\3\0>\0\1\0\0\0\220\2\2\0\0\0\0\0"..., 64) = 64 <0.000176>
18:57:38.092636 lseek(3, 64, SEEK_SET)  = 64 <0.000225>
18:57:38.093449 read(3, "\1\0\0\0\4\0\0\0\0\0\0\0\0\0\0\0\0\0\0\0\0\0\0\0\0\0\0\0\0\0\0\0"..., 56) = 56 <0.000162>
18:57:38.094119 mmap(0xb00000000, 6992, PROT_READ, MAP_PRIVATE|MAP_FIXED, 3, 0) = 0xb00000000 <0.000175>
18:57:38.095108 lseek(3, 120, SEEK_SET) = 120 <0.000048>
18:57:38.095948 read(3, "\1\0\0\0\5\0\0\0\0 \0\0\0\0\0\0\0 \0\0\0\0\0\0\0 \0\0\0\0\0\0"..., 56) = 56 <0.000103>
18:57:38.096710 mmap(0xb00002000, 168725, PROT_READ|PROT_EXEC, MAP_PRIVATE|MAP_FIXED, 3, 0x2000) = 0xb00002000 <0.000172>
18:57:38.097778 lseek(3, 176, SEEK_SET) = 176 <0.000155>
18:57:38.098831 read(3, "\1\0\0\0\4\0\0\0\0\300\2\0\0\0\0\0\0\300\2\0\0\0\0\0\0\300\2\0\0\0\0\0"..., 56) = 56 <0.000154>
18:57:38.099908 mmap(0xb0002c000, 44852, PROT_READ, MAP_PRIVATE|MAP_FIXED, 3, 0x2c000) = 0xb0002c000 <0.000165>
18:57:38.100869 lseek(3, 232, SEEK_SET) = 232 <0.000323>
18:57:38.102366 read(3, "\1\0\0\0\6\0\0\0 v\3\0\0\0\0\0 \206\3\0\0\0\0\0 \206\3\0\0\0\0\0"..., 56) = 56 <0.000212>
18:57:38.103683 mmap(0xb00038000, 12560, PROT_READ|PROT_WRITE, MAP_PRIVATE|MAP_FIXED, 3, 0x37000) = 0xb00038000 <0.000291>
18:57:38.104867 lseek(3, 288, SEEK_SET) = 288 <0.000110>
18:57:38.105489 read(3, "\2\0\0\0\6\0\0\0\200\216\3\0\0\0\0\0\200\236\3\0\0\0\0\0\200\236\3\0\0\0\0\0"..., 56) = 56 <0.000090>
18:57:38.106349 lseek(3, 344, SEEK_SET) = 344 <0.000217>
18:57:38.107151 read(3, "\4\0\0\0\4\0\0\0\250\2\0\0\0\0\0\0\250\2\0\0\0\0\0\0\250\2\0\0\0\0\0\0"..., 56) = 56 <0.000086>
18:57:38.107841 lseek(3, 400, SEEK_SET) = 400 <0.000126>
18:57:38.108533 read(3, "\4\0\0\0\4\0\0\0\310\2\0\0\0\0\0\0\310\2\0\0\0\0\0\0\310\2\0\0\0\0\0\0"..., 56) = 56 <0.000545>
18:57:38.109670 lseek(3, 456, SEEK_SET) = 456 <0.000153>
18:57:38.110394 read(3, "S\345td\4\0\0\0\250\2\0\0\0\0\0\0\250\2\0\0\0\0\0\0\250\2\0\0\0\0\0\0"..., 56) = 56 <0.000158>
18:57:38.111292 lseek(3, 512, SEEK_SET) = 512 <0.000187>
18:57:38.112174 read(3, "P\345td\4\0\0\0\304/\3\0\0\0\0\0\304/\3\0\0\0\0\0\304/\3\0\0\0\0\0"..., 56) = 56 <0.000172>
18:57:38.113073 lseek(3, 568, SEEK_SET) = 568 <0.000152>
18:57:38.113710 read(3, "Q\345td\6\0\0\0\0\0\0\0\0\0\0\0\0\0\0\0\0\0\0\0\0\0\0\0\0\0\0\0"..., 56) = 56 <0.000130>
18:57:38.114563 lseek(3, 624, SEEK_SET) = 624 <0.000204>
18:57:38.115177 read(3, "R\345td\4\0\0\0 v\3\0\0\0\0\0 \206\3\0\0\0\0\0 \206\3\0\0\0\0\0"..., 56) = 56 <0.000132>
18:57:38.115953 close(3)                = 0 <0.000225>
18:57:38.116702 brk(NULL)               = 0x10b3000 <0.000207>
18:57:38.117463 arch_prctl(0x3001 /* ARCH_??? */, 0x7ffdfe2e21c0) = -1 EINVAL (Invalid argument) <0.000099>
18:57:38.118199 mmap(NULL, 8192, PROT_READ|PROT_WRITE, MAP_PRIVATE|MAP_ANONYMOUS, -1, 0) = 0x79de5a64b000 <0.000238>
18:57:38.119392 access("/etc/ld.so.preload", R_OK) = -1 ENOENT (No such file or directory) <0.000115>
18:57:38.120218 openat(AT_FDCWD, "/etc/ld.so.cache", O_RDONLY|O_CLOEXEC) = 3 <0.000247>
18:57:38.121224 newfstatat(3, "", {st_mode=S_IFREG|0644, st_size=64931, ...}, AT_EMPTY_PATH) = 0 <0.000106>
18:57:38.122076 mmap(NULL, 64931, PROT_READ, MAP_PRIVATE, 3, 0) = 0x79de5a63b000 <0.000146>
18:57:38.122997 close(3)                = 0 <0.000197>
18:57:38.123936 openat(AT_FDCWD, "/lib/x86_64-linux-gnu/libc.so.6", O_RDONLY|O_CLOEXEC) = 3 <0.000099>
18:57:38.124709 read(3, "\177ELF\2\1\1\3\0\0\0\0\0\0\0\0\3\0>\0\1\0\0\0P\237\2\0\0\0\0\0"..., 832) = 832 <0.000135>
18:57:38.125517 pread64(3, "\6\0\0\0\4\0\0\0@\0\0\0\0\0\0\0@\0\0\0\0\0\0\0@\0\0\0\0\0\0\0"..., 784, 64) = 784 <0.000144>
18:57:38.126212 pread64(3, "\4\0\0\0 \0\0\0\5\0\0\0GNU\0\2\0\0\300\4\0\0\0\3\0\0\0\0\0\0\0"..., 48, 848) = 48 <0.000067>
18:57:38.126975 pread64(3, "\4\0\0\0\24\0\0\0\3\0\0\0GNU\0\302\211\332Pq\2439\235\350\223\322\257\201\326\243\f"..., 68, 896) = 68 <0.000174>
18:57:38.127959 newfstatat(3, "", {st_mode=S_IFREG|0755, st_size=2220400, ...}, AT_EMPTY_PATH) = 0 <0.000153>
18:57:38.128885 pread64(3, "\6\0\0\0\4\0\0\0@\0\0\0\0\0\0\0@\0\0\0\0\0\0\0@\0\0\0\0\0\0\0"..., 784, 64) = 784 <0.000152>
18:57:38.129828 mmap(NULL, 2264656, PROT_READ, MAP_PRIVATE|MAP_DENYWRITE, 3, 0) = 0x79de5a400000 <0.000163>
18:57:38.130746 mprotect(0x79de5a428000, 2023424, PROT_NONE) = 0 <0.000172>
18:57:38.131526 mmap(0x79de5a428000, 1658880, PROT_READ|PROT_EXEC, MAP_PRIVATE|MAP_FIXED|MAP_DENYWRITE, 3, 0x28000) = 0x79de5a428000 <0.000181>
18:57:38.132296 mmap(0x79de5a5bd000, 360448, PROT_READ, MAP_PRIVATE|MAP_FIXED|MAP_DENYWRITE, 3, 0x1bd000) = 0x79de5a5bd000 <0.000167>
18:57:38.133023 mmap(0x79de5a616000, 24576, PROT_READ|PROT_WRITE, MAP_PRIVATE|MAP_FIXED|MAP_DENYWRITE, 3, 0x215000) = 0x79de5a616000 <0.000117>
18:57:38.133694 mmap(0x79de5a61c000, 52816, PROT_READ|PROT_WRITE, MAP_PRIVATE|MAP_FIXED|MAP_ANONYMOUS, -1, 0) = 0x79de5a61c000 <0.000114>
18:57:38.134691 close(3)                = 0 <0.000178>
18:57:38.135643 mmap(NULL, 12288, PROT_READ|PROT_WRITE, MAP_PRIVATE|MAP_ANONYMOUS, -1, 0) = 0x79de5a638000 <0.000142>
18:57:38.136480 arch_prctl(ARCH_SET_FS, 0x79de5a638740) = 0 <0.000104>
18:57:38.137247 set_tid_address(0x79de5a638a10) = 49934 <0.000126>
18:57:38.138143 set_robust_list(0x79de5a638a20, 24) = 0 <0.000160>
18:57:38.139236 rseq(0x79de5a6390e0, 0x20, 0, 0x53053053) = 0 <0.000134>
18:57:38.140146 mprotect(0x79de5a616000, 16384, PROT_READ) = 0 <0.000226>
18:57:38.140743 mprotect(0x800003000, 4096, PROT_READ) = 0 <0.000192>
18:57:38.141323 mprotect(0xb00038000, 8192, PROT_READ) = 0 <0.000186>
18:57:38.141937 prlimit64(0, RLIMIT_STACK, NULL, {rlim_cur=8192*1024, rlim_max=RLIM64_INFINITY}) = 0 <0.000172>
18:57:38.142862 munmap(0x79de5a63b000, 64931) = 0 <0.000224>
18:57:38.148355 exit_group(0)           = ?
18:57:38.149617 +++ exited with 0 +++
