19:10:35.170324 execve("./8Q_rsa", ["./8Q_rsa"], 0x7ffc3de504d8 /* 46 vars */) = 0 <0.000653>
19:10:35.171763 fork()                  = 50294 <0.000306>
19:10:35.172621 wait4(50294, [{WIFEXITED(s) && WEXITSTATUS(s) == 0}], __WALL, NULL) = 50294 <0.006124>
19:10:35.179333 --- SIGCHLD {si_signo=SIGCHLD, si_code=CLD_EXITED, si_pid=50294, si_uid=1000, si_status=0, si_utime=0, si_stime=0} ---
19:10:35.179773 mmap(NULL, 134217728, PROT_READ|PROT_WRITE, MAP_PRIVATE|MAP_ANONYMOUS, -1, 0) = 0x7f0f64fd5000 <0.000327>
19:10:35.188373 open("/dev/urandom", O_RDONLY) = 3 <0.000298>
19:10:35.189413 read(3, "\370\215\327\300;\233\325*\356V^=\251\243N\206", 16) = 16 <0.000345>
19:10:35.190261 close(3)                = 0 <0.000245>
19:10:35.191272 open("/tmp/kt_tmp_file", O_RDWR) = 3 <0.000213>
19:10:35.192260 lseek(3, 510208, SEEK_SET) = 510208 <0.000217>
19:10:35.193219 write(3, "\35]\350+P\232%\27>{\257Z\212DyF:\251\236\323\277sY\240\25\31\3075\37\255\"\377"..., 4118) = 4118 <0.000224>
19:10:35.194204 write(3, "\0000\0\0\0\0\0\0\20\0\0\0\0\0\0\0`\20\0\0\0\0\0\0b\4\0\0\0\0\0\0", 32) = 32 <0.000217>
19:10:35.195361 open("/dev/urandom", O_RDONLY) = 4 <0.000095>
19:10:35.196285 read(4, "\245\356J\307%\3n\3604\340\243V\302\17\355\353\374&\6\343u\263~\215n\231\304'\235\0100\335"..., 39) = 39 <0.000174>
19:10:35.197145 close(4)                = 0 <0.000199>
19:10:35.197832 write(3, "\0\0\2\3\2\3\5\0\7\4\t\2\f\1\f\v\16\2\6\7\f\3\v\25\n\27\7\v\f\10\21\35"..., 39) = 39 <0.000094>
19:10:35.198209 write(3, "\243\0\0\0\206\0\233\370\0;\0\0\0\215\0\0N\327\325\0\0\0\0\0^\0*\0\251\356\0\0"..., 39) = 39 <0.000387>
19:10:35.199298 write(3, "P\0\0\0\0\0\0\0\0\0\0\0\0\0\0\0\0\0\0\0\0\0\0\0\0\0\0\0\0\0\0\0"..., 180) = 180 <0.000163>
19:10:35.200157 close(3)                = 0 <0.000236>
19:10:35.201183 fork()                  = 50296 <0.000313>
19:10:35.202421 wait4(50296, [{WIFEXITED(s) && WEXITSTATUS(s) == 0}], __WALL, NULL) = 50296 <0.004297>
19:10:35.207600 --- SIGCHLD {si_signo=SIGCHLD, si_code=CLD_EXITED, si_pid=50296, si_uid=1000, si_status=0, si_utime=0, si_stime=0} ---
19:10:35.208101 mmap(0x800000000, 1576, PROT_WRITE, MAP_PRIVATE|MAP_ANONYMOUS, -1, 0) = 0x800000000 <0.000337>
19:10:35.209024 mprotect(0x800000000, 1576, PROT_READ) = 0 <0.000335>
19:10:35.209902 mmap(0x800001000, 1233, PROT_WRITE, MAP_PRIVATE|MAP_ANONYMOUS, -1, 0) = 0x800001000 <0.000091>
19:10:35.210776 mprotect(0x800001000, 1233, PROT_READ|PROT_EXEC) = 0 <0.000178>
19:10:35.211772 mmap(0x800002000, 308, PROT_WRITE, MAP_PRIVATE|MAP_ANONYMOUS, -1, 0) = 0x800002000 <0.000166>
19:10:35.212504 mprotect(0x800002000, 308, PROT_READ) = 0 <0.000102>
19:10:35.213358 mmap(0x800003000, 5376, PROT_WRITE, MAP_PRIVATE|MAP_ANONYMOUS, -1, 0) = 0x800003000 <0.000278>
19:10:35.214403 mprotect(0x800003000, 5376, PROT_READ|PROT_WRITE) = 0 <0.000196>
19:10:35.215261 open("/lib64/ld-linux-x86-64.so.2", O_RDONLY) = 3 <0.000131>
19:10:35.216054 read(3, "\177ELF\2\1\1\3\0\0\0\0\0\0\0\0\3\0>\0\1\0\0\0\220\2\2\0\0\0\0\0"..., 64) = 64 <0.000142>
19:10:35.216817 lseek(3, 64, SEEK_SET)  = 64 <0.000208>
19:10:35.217645 read(3, "\1\0\0\0\4\0\0\0\0\0\0\0\0\0\0\0\0\0\0\0\0\0\0\0\0\0\0\0\0\0\0\0"..., 56) = 56 <0.000259>
19:10:35.218770 mmap(0xb00000000, 6992, PROT_READ, MAP_PRIVATE|MAP_FIXED, 3, 0) = 0xb00000000 <0.000280>
19:10:35.219753 lseek(3, 120, SEEK_SET) = 120 <0.000278>
19:10:35.220823 read(3, "\1\0\0\0\5\0\0\0\0 \0\0\0\0\0\0\0 \0\0\0\0\0\0\0 \0\0\0\0\0\0"..., 56) = 56 <0.000228>
19:10:35.221777 mmap(0xb00002000, 168725, PROT_READ|PROT_EXEC, MAP_PRIVATE|MAP_FIXED, 3, 0x2000) = 0xb00002000 <0.000196>
19:10:35.222633 lseek(3, 176, SEEK_SET) = 176 <0.000103>
19:10:35.223281 read(3, "\1\0\0\0\4\0\0\0\0\300\2\0\0\0\0\0\0\300\2\0\0\0\0\0\0\300\2\0\0\0\0\0"..., 56) = 56 <0.000155>
19:10:35.224241 mmap(0xb0002c000, 44852, PROT_READ, MAP_PRIVATE|MAP_FIXED, 3, 0x2c000) = 0xb0002c000 <0.000341>
19:10:35.225221 lseek(3, 232, SEEK_SET) = 232 <0.000352>
19:10:35.226069 read(3, "\1\0\0\0\6\0\0\0 v\3\0\0\0\0\0 \206\3\0\0\0\0\0 \206\3\0\0\0\0\0"..., 56) = 56 <0.000772>
19:10:35.227512 mmap(0xb00038000, 12560, PROT_READ|PROT_WRITE, MAP_PRIVATE|MAP_FIXED, 3, 0x37000) = 0xb00038000 <0.000277>
19:10:35.228350 lseek(3, 288, SEEK_SET) = 288 <0.000191>
19:10:35.229312 read(3, "\2\0\0\0\6\0\0\0\200\216\3\0\0\0\0\0\200\236\3\0\0\0\0\0\200\236\3\0\0\0\0\0"..., 56) = 56 <0.000355>
19:10:35.230179 lseek(3, 344, SEEK_SET) = 344 <0.000782>
19:10:35.231873 read(3, "\4\0\0\0\4\0\0\0\250\2\0\0\0\0\0\0\250\2\0\0\0\0\0\0\250\2\0\0\0\0\0\0"..., 56) = 56 <0.000211>
19:10:35.232561 lseek(3, 400, SEEK_SET) = 400 <0.000326>
19:10:35.233366 read(3, "\4\0\0\0\4\0\0\0\310\2\0\0\0\0\0\0\310\2\0\0\0\0\0\0\310\2\0\0\0\0\0\0"..., 56) = 56 <0.000171>
19:10:35.234212 lseek(3, 456, SEEK_SET) = 456 <0.000366>
19:10:35.235006 read(3, "S\345td\4\0\0\0\250\2\0\0\0\0\0\0\250\2\0\0\0\0\0\0\250\2\0\0\0\0\0\0"..., 56) = 56 <0.000284>
19:10:35.235941 lseek(3, 512, SEEK_SET) = 512 <0.000340>
19:10:35.236851 read(3, "P\345td\4\0\0\0\304/\3\0\0\0\0\0\304/\3\0\0\0\0\0\304/\3\0\0\0\0\0"..., 56) = 56 <0.000342>
19:10:35.237717 lseek(3, 568, SEEK_SET) = 568 <0.000388>
19:10:35.238587 read(3, "Q\345td\6\0\0\0\0\0\0\0\0\0\0\0\0\0\0\0\0\0\0\0\0\0\0\0\0\0\0\0"..., 56) = 56 <0.000341>
19:10:35.239474 lseek(3, 624, SEEK_SET) = 624 <0.000291>
19:10:35.240232 read(3, "R\345td\4\0\0\0 v\3\0\0\0\0\0 \206\3\0\0\0\0\0 \206\3\0\0\0\0\0"..., 56) = 56 <0.000331>
19:10:35.241132 close(3)                = 0 <0.000321>
19:10:35.242119 brk(NULL)               = 0x129e000 <0.000269>
19:10:35.243394 arch_prctl(0x3001 /* ARCH_??? */, 0x7ffc20ef43a0) = -1 EINVAL (Invalid argument) <0.000283>
19:10:35.244575 mmap(NULL, 8192, PROT_READ|PROT_WRITE, MAP_PRIVATE|MAP_ANONYMOUS, -1, 0) = 0x7f0f64fd3000 <0.000446>
19:10:35.245594 access("/etc/ld.so.preload", R_OK) = -1 ENOENT (No such file or directory) <0.000307>
19:10:35.246371 openat(AT_FDCWD, "/etc/ld.so.cache", O_RDONLY|O_CLOEXEC) = 3 <0.000259>
19:10:35.247359 newfstatat(3, "", {st_mode=S_IFREG|0644, st_size=64931, ...}, AT_EMPTY_PATH) = 0 <0.000136>
19:10:35.248199 mmap(NULL, 64931, PROT_READ, MAP_PRIVATE, 3, 0) = 0x7f0f64fc3000 <0.000436>
19:10:35.249122 close(3)                = 0 <0.000115>
19:10:35.250049 openat(AT_FDCWD, "/lib/x86_64-linux-gnu/libc.so.6", O_RDONLY|O_CLOEXEC) = 3 <0.000213>
19:10:35.250674 read(3, "\177ELF\2\1\1\3\0\0\0\0\0\0\0\0\3\0>\0\1\0\0\0P\237\2\0\0\0\0\0"..., 832) = 832 <0.000263>
19:10:35.251619 pread64(3, "\6\0\0\0\4\0\0\0@\0\0\0\0\0\0\0@\0\0\0\0\0\0\0@\0\0\0\0\0\0\0"..., 784, 64) = 784 <0.000293>
19:10:35.252336 pread64(3, "\4\0\0\0 \0\0\0\5\0\0\0GNU\0\2\0\0\300\4\0\0\0\3\0\0\0\0\0\0\0"..., 48, 848) = 48 <0.000133>
19:10:35.252757 pread64(3, "\4\0\0\0\24\0\0\0\3\0\0\0GNU\0\302\211\332Pq\2439\235\350\223\322\257\201\326\243\f"..., 68, 896) = 68 <0.000191>
19:10:35.253301 newfstatat(3, "", {st_mode=S_IFREG|0755, st_size=2220400, ...}, AT_EMPTY_PATH) = 0 <0.000187>
19:10:35.253880 pread64(3, "\6\0\0\0\4\0\0\0@\0\0\0\0\0\0\0@\0\0\0\0\0\0\0@\0\0\0\0\0\0\0"..., 784, 64) = 784 <0.000280>
19:10:35.254600 mmap(NULL, 2264656, PROT_READ, MAP_PRIVATE|MAP_DENYWRITE, 3, 0) = 0x7f0f64c00000 <0.000659>
19:10:35.255700 mprotect(0x7f0f64c28000, 2023424, PROT_NONE) = 0 <0.000138>
19:10:35.256528 mmap(0x7f0f64c28000, 1658880, PROT_READ|PROT_EXEC, MAP_PRIVATE|MAP_FIXED|MAP_DENYWRITE, 3, 0x28000) = 0x7f0f64c28000 <0.000201>
19:10:35.257115 mmap(0x7f0f64dbd000, 360448, PROT_READ, MAP_PRIVATE|MAP_FIXED|MAP_DENYWRITE, 3, 0x1bd000) = 0x7f0f64dbd000 <0.000207>
19:10:35.257688 mmap(0x7f0f64e16000, 24576, PROT_READ|PROT_WRITE, MAP_PRIVATE|MAP_FIXED|MAP_DENYWRITE, 3, 0x215000) = 0x7f0f64e16000 <0.000192>
19:10:35.258220 mmap(0x7f0f64e1c000, 52816, PROT_READ|PROT_WRITE, MAP_PRIVATE|MAP_FIXED|MAP_ANONYMOUS, -1, 0) = 0x7f0f64e1c000 <0.000167>
19:10:35.258724 close(3)                = 0 <0.000193>
19:10:35.259242 mmap(NULL, 12288, PROT_READ|PROT_WRITE, MAP_PRIVATE|MAP_ANONYMOUS, -1, 0) = 0x7f0f64fc0000 <0.000130>
19:10:35.259757 arch_prctl(ARCH_SET_FS, 0x7f0f64fc0740) = 0 <0.000186>
19:10:35.260331 set_tid_address(0x7f0f64fc0a10) = 50293 <0.000203>
19:10:35.260873 set_robust_list(0x7f0f64fc0a20, 24) = 0 <0.000343>
19:10:35.261526 rseq(0x7f0f64fc10e0, 0x20, 0, 0x53053053) = 0 <0.000105>
19:10:35.262179 mprotect(0x7f0f64e16000, 16384, PROT_READ) = 0 <0.000305>
19:10:35.262784 mprotect(0x800003000, 4096, PROT_READ) = 0 <0.000231>
19:10:35.263360 mprotect(0xb00038000, 8192, PROT_READ) = 0 <0.000255>
19:10:35.264018 prlimit64(0, RLIMIT_STACK, NULL, {rlim_cur=8192*1024, rlim_max=RLIM64_INFINITY}) = 0 <0.000155>
19:10:35.264477 munmap(0x7f0f64fc3000, 64931) = 0 <0.000195>
19:10:35.269650 exit_group(0)           = ?
19:10:35.270740 +++ exited with 0 +++
