15:52:28.669713 execve("./puf_commu", ["./puf_commu"], 0x7fffcf7fb8c8 /* 56 vars */) = 0 <0.000869>
15:52:28.671511 brk(NULL)               = 0x62fe09269000 <0.000293>
15:52:28.672646 arch_prctl(0x3001 /* ARCH_??? */, 0x7ffde2f1a290) = -1 EINVAL (Invalid argument) <0.000424>
15:52:28.674049 mmap(NULL, 8192, PROT_READ|PROT_WRITE, MAP_PRIVATE|MAP_ANONYMOUS, -1, 0) = 0x7e5d53f20000 <0.000348>
15:52:28.675032 access("/etc/ld.so.preload", R_OK) = -1 ENOENT (No such file or directory) <0.000358>
15:52:28.675985 openat(AT_FDCWD, "/etc/ld.so.cache", O_RDONLY|O_CLOEXEC) = 3 <0.000350>
15:52:28.676980 newfstatat(3, "", {st_mode=S_IFREG|0644, st_size=69355, ...}, AT_EMPTY_PATH) = 0 <0.000347>
15:52:28.678034 mmap(NULL, 69355, PROT_READ, MAP_PRIVATE, 3, 0) = 0x7e5d53f0f000 <0.000355>
15:52:28.679053 close(3)                = 0 <0.000377>
15:52:28.680110 openat(AT_FDCWD, "/lib/x86_64-linux-gnu/libc.so.6", O_RDONLY|O_CLOEXEC) = 3 <0.000325>
15:52:28.681165 read(3, "\177ELF\2\1\1\3\0\0\0\0\0\0\0\0\3\0>\0\1\0\0\0P\237\2\0\0\0\0\0"..., 832) = 832 <0.000370>
15:52:28.682229 pread64(3, "\6\0\0\0\4\0\0\0@\0\0\0\0\0\0\0@\0\0\0\0\0\0\0@\0\0\0\0\0\0\0"..., 784, 64) = 784 <0.000292>
15:52:28.683242 pread64(3, "\4\0\0\0 \0\0\0\5\0\0\0GNU\0\2\0\0\300\4\0\0\0\3\0\0\0\0\0\0\0"..., 48, 848) = 48 <0.000082>
15:52:28.683905 pread64(3, "\4\0\0\0\24\0\0\0\3\0\0\0GNU\0\226 \25\252\235\23<l\274\3731\3540\5\226\327"..., 68, 896) = 68 <0.000088>
15:52:28.684698 newfstatat(3, "", {st_mode=S_IFREG|0755, st_size=2220400, ...}, AT_EMPTY_PATH) = 0 <0.000091>
15:52:28.685522 pread64(3, "\6\0\0\0\4\0\0\0@\0\0\0\0\0\0\0@\0\0\0\0\0\0\0@\0\0\0\0\0\0\0"..., 784, 64) = 784 <0.000241>
15:52:28.687044 mmap(NULL, 2264656, PROT_READ, MAP_PRIVATE|MAP_DENYWRITE, 3, 0) = 0x7e5d53c00000 <0.000171>
15:52:28.688083 mprotect(0x7e5d53c28000, 2023424, PROT_NONE) = 0 <0.000544>
15:52:28.689207 mmap(0x7e5d53c28000, 1658880, PROT_READ|PROT_EXEC, MAP_PRIVATE|MAP_FIXED|MAP_DENYWRITE, 3, 0x28000) = 0x7e5d53c28000 <0.000644>
15:52:28.690585 mmap(0x7e5d53dbd000, 360448, PROT_READ, MAP_PRIVATE|MAP_FIXED|MAP_DENYWRITE, 3, 0x1bd000) = 0x7e5d53dbd000 <0.000169>
15:52:28.691421 mmap(0x7e5d53e16000, 24576, PROT_READ|PROT_WRITE, MAP_PRIVATE|MAP_FIXED|MAP_DENYWRITE, 3, 0x215000) = 0x7e5d53e16000 <0.000163>
15:52:28.692297 mmap(0x7e5d53e1c000, 52816, PROT_READ|PROT_WRITE, MAP_PRIVATE|MAP_FIXED|MAP_ANONYMOUS, -1, 0) = 0x7e5d53e1c000 <0.000085>
15:52:28.693149 close(3)                = 0 <0.000263>
15:52:28.693943 mmap(NULL, 12288, PROT_READ|PROT_WRITE, MAP_PRIVATE|MAP_ANONYMOUS, -1, 0) = 0x7e5d53f0c000 <0.000100>
15:52:28.694923 arch_prctl(ARCH_SET_FS, 0x7e5d53f0c740) = 0 <0.000176>
15:52:28.695790 set_tid_address(0x7e5d53f0ca10) = 101497 <0.000208>
15:52:28.696652 set_robust_list(0x7e5d53f0ca20, 24) = 0 <0.000198>
15:52:28.697711 rseq(0x7e5d53f0d0e0, 0x20, 0, 0x53053053) = 0 <0.000282>
15:52:28.699000 mprotect(0x7e5d53e16000, 16384, PROT_READ) = 0 <0.000117>
15:52:28.700016 mprotect(0x62fe07e70000, 4096, PROT_READ) = 0 <0.000334>
15:52:28.701418 mprotect(0x7e5d53f5a000, 8192, PROT_READ) = 0 <0.000206>
15:52:28.702493 prlimit64(0, RLIMIT_STACK, NULL, {rlim_cur=8192*1024, rlim_max=RLIM64_INFINITY}) = 0 <0.000197>
15:52:28.703427 munmap(0x7e5d53f0f000, 69355) = 0 <0.000105>
15:52:28.704191 newfstatat(1, "", {st_mode=S_IFCHR|0620, st_rdev=makedev(0x88, 0), ...}, AT_EMPTY_PATH) = 0 <0.000258>
15:52:28.705738 getrandom("\xd3\x10\xde\x3c\x7f\xd6\x40\x1e", 8, GRND_NONBLOCK) = 8 <0.000428>
15:52:28.706754 brk(NULL)               = 0x62fe09269000 <0.000166>
15:52:28.707578 brk(0x62fe0928a000)     = 0x62fe0928a000 <0.000180>
15:52:28.708465 write(1, "file name is /dev/ttyUSB0\n", 26) = 26 <0.000222>
15:52:28.709396 openat(AT_FDCWD, "/dev/ttyUSB0", O_RDWR|O_NOCTTY) = 3 <0.383871>
15:52:29.094486 clone(child_stack=NULL, flags=CLONE_CHILD_CLEARTID|CLONE_CHILD_SETTID|SIGCHLD, child_tidptr=0x7e5d53f0ca10) = 101498 <0.000348>
15:52:29.096056 wait4(101498, [{WIFEXITED(s) && WEXITSTATUS(s) == 0}], __WALL, NULL) = 101498 <0.002889>
15:52:29.100081 --- SIGCHLD {si_signo=SIGCHLD, si_code=CLD_EXITED, si_pid=101498, si_uid=1000, si_status=0, si_utime=0, si_stime=0} ---
15:52:29.100691 openat(AT_FDCWD, "/dev/urandom", O_RDONLY) = 4 <0.000265>
15:52:29.101454 read(4, "\267N\305\326\17h\f\205I:yp\266nsy\325\271X\370K\20\375!\260\236\3620R\206{U"..., 39) = 39 <0.000219>
15:52:29.102319 close(4)                = 0 <0.000354>
15:52:29.103289 write(1, "0xa5(165) 0x5a(90) 0x20(32) 0x0("..., 371) = 371 <0.000363>
15:52:29.104283 write(3, "\245Z \0\267N\305\326\17h\f\205I:yp\266nsy\325\271X\370K\20\375!\260\236\3620"..., 39) = 39 <0.000401>
15:52:29.105300 write(1, "send 39 bytes\n", 14) = 14 <0.000432>
15:52:29.106459 read(3, "\245Z \0\340\t\33\247\24\331'\344\330$R\215\323\253\333U\375\201/\347|\226\222\332`\265\276)", 39) = 32 <0.136843>
15:52:29.244078 read(3, "\256\253\265W0\"\377", 7) = 7 <0.009934>
15:52:29.254809 write(1, "receive 39 bytes\n", 17) = 17 <0.000374>
15:52:29.255847 write(1, "0xa5(165) 0x5a(90) 0x20(32) 0x0("..., 371) = 371 <0.000345>
15:52:29.256866 exit_group(0)           = ?
15:52:29.262251 +++ exited with 0 +++
